Fri, 19 May 2023 15:22:19 INFO     OATS log file
Fri, 19 May 2023 15:22:19 INFO     Program started
Fri, 19 May 2023 15:22:19 INFO     Solver selected: glpk
Fri, 19 May 2023 15:22:19 INFO     Testcase selected: testcases/matpower/case24_ieee_rts.xlsx
Fri, 19 May 2023 15:22:19 INFO     Model selected: DCOPF
Fri, 19 May 2023 15:22:19 INFO     Given model file found and selected from the models library
Fri, 19 May 2023 15:22:19 INFO     Given testcase file found and selected from the testcase library
Fri, 19 May 2023 15:22:19 INFO     Done!
Fri, 19 May 2023 15:22:19 INFO     Solver selected: ipopt
Fri, 19 May 2023 15:22:19 INFO     Testcase selected: testcases/matpower/case24_ieee_rts.xlsx
Fri, 19 May 2023 15:22:19 INFO     Model selected: ACOPF
Fri, 19 May 2023 15:22:19 INFO     Given model file found and selected from the models library
Fri, 19 May 2023 15:22:19 INFO     Given testcase file found and selected from the testcase library
Fri, 19 May 2023 15:22:19 INFO     Done!
Fri, 19 May 2023 15:22:19 INFO     Solver selected: ipopt
Fri, 19 May 2023 15:22:19 INFO     Testcase selected: testcases/matpower/case24_ieee_rts.xlsx
Fri, 19 May 2023 15:22:19 INFO     Model selected: ACOPF_min_gen
Fri, 19 May 2023 15:22:19 INFO     Given model file found and selected from the models library
Fri, 19 May 2023 15:22:20 INFO     Given testcase file found and selected from the testcase library
Fri, 19 May 2023 15:22:20 INFO     Done!
Fri, 19 May 2023 15:22:20 INFO     Solver selected: ipopt
Fri, 19 May 2023 15:22:20 INFO     Testcase selected: testcases/matpower/case24_ieee_rts.xlsx
Fri, 19 May 2023 15:22:20 INFO     Model selected: ACOPF_max_cost
Fri, 19 May 2023 15:22:20 INFO     Given model file found and selected from the models library
Fri, 19 May 2023 15:22:20 INFO     Given testcase file found and selected from the testcase library
Fri, 19 May 2023 15:22:21 INFO     Done!
