Tue, 23 May 2023 09:07:16 INFO     OATS log file
Tue, 23 May 2023 09:07:16 INFO     Program started
Tue, 23 May 2023 09:07:16 INFO     Solver selected: glpk
Tue, 23 May 2023 09:07:16 INFO     Testcase selected: testcases/matpower/case89pegase.xlsx
Tue, 23 May 2023 09:07:16 INFO     Model selected: DCOPF
Tue, 23 May 2023 09:07:16 INFO     Given model file found and selected from the models library
Tue, 23 May 2023 09:07:16 INFO     Given testcase file found and selected from the testcase library
Tue, 23 May 2023 09:07:17 INFO     Done!
Tue, 23 May 2023 09:07:17 INFO     Solver selected: ipopt
Tue, 23 May 2023 09:07:17 INFO     Testcase selected: testcases/matpower/case89pegase.xlsx
Tue, 23 May 2023 09:07:17 INFO     Model selected: ACOPF
Tue, 23 May 2023 09:07:17 INFO     Given model file found and selected from the models library
Tue, 23 May 2023 09:07:17 INFO     Given testcase file found and selected from the testcase library
Tue, 23 May 2023 09:07:18 INFO     Done!
Tue, 23 May 2023 09:07:18 INFO     Solver selected: ipopt
Tue, 23 May 2023 09:07:18 INFO     Testcase selected: testcases/matpower/case89pegase.xlsx
Tue, 23 May 2023 09:07:18 INFO     Model selected: ACOPF_min_gen
Tue, 23 May 2023 09:07:18 INFO     Given model file found and selected from the models library
Tue, 23 May 2023 09:07:18 INFO     Given testcase file found and selected from the testcase library
Tue, 23 May 2023 09:07:19 INFO     Done!
Tue, 23 May 2023 09:07:19 INFO     Solver selected: ipopt
Tue, 23 May 2023 09:07:19 INFO     Testcase selected: testcases/matpower/case89pegase.xlsx
Tue, 23 May 2023 09:07:19 INFO     Model selected: ACOPF_max_cost
Tue, 23 May 2023 09:07:19 INFO     Given model file found and selected from the models library
Tue, 23 May 2023 09:07:19 INFO     Given testcase file found and selected from the testcase library
Tue, 23 May 2023 09:07:24 INFO     Done!
Tue, 23 May 2023 09:07:24 INFO     Solver selected: ipopt
Tue, 23 May 2023 09:07:24 INFO     Testcase selected: testcases/matpower/case89pegase.xlsx
Tue, 23 May 2023 09:07:24 INFO     Model selected: ACOPF_multiperiod
Tue, 23 May 2023 09:07:24 INFO     Given model file found and selected from the models library
Tue, 23 May 2023 09:07:24 INFO     Given testcase file found and selected from the testcase library
Tue, 23 May 2023 09:07:29 INFO     Done!
