Wed, 05 Jul 2023 20:44:17 INFO     OATS log file
Wed, 05 Jul 2023 20:44:17 INFO     Program started
Wed, 05 Jul 2023 20:44:17 INFO     Solver selected: ipopt
Wed, 05 Jul 2023 20:44:17 INFO     Testcase selected: testcases/simbench/1-LV-rural1--1-no_sw_local_3.xlsx
Wed, 05 Jul 2023 20:44:17 INFO     Model selected: ACOPF_multiperiod_battery_relaxed
Wed, 05 Jul 2023 20:44:17 INFO     Given model file found and selected from the models library
Wed, 05 Jul 2023 20:44:18 INFO     Given testcase file found and selected from the testcase library
Wed, 05 Jul 2023 20:44:18 INFO     Start writing multi-period for demand
Wed, 05 Jul 2023 20:44:18 INFO     Start writing battery model
Wed, 05 Jul 2023 20:44:18 INFO     Dat-file written, start optimisation
Wed, 05 Jul 2023 20:44:18 ERROR    Rule failed when generating expression for Constraint y_lim with index ('LV1.101_Load_1_bat', 0):
PyomoException: Cannot convert non-constant Pyomo expression (0  <=  y['LV1.101_Load_1_bat',0]) to bool.
This error is usually caused by using a Var, unit, or mutable Param in a
Boolean context such as an "if" statement, or when checking container
membership or equality. For example,
    >>> m.x = Var()
    >>> if m.x >= 1:
    ...     pass
and
    >>> m.y = Var()
    >>> if m.y in [m.x, m.y]:
    ...     pass
would both cause this exception.
Wed, 05 Jul 2023 20:44:18 ERROR    Constructing component 'y_lim' from data=None failed:
    PyomoException: Cannot convert non-constant Pyomo expression (0  <=  y['LV1.101_Load_1_bat',0]) to bool.
This error is usually caused by using a Var, unit, or mutable Param in a
Boolean context such as an "if" statement, or when checking container
membership or equality. For example,
    >>> m.x = Var()
    >>> if m.x >= 1:
    ...     pass
and
    >>> m.y = Var()
    >>> if m.y in [m.x, m.y]:
    ...     pass
would both cause this exception.
