Tue, 23 May 2023 11:21:12 INFO     OATS log file
Tue, 23 May 2023 11:21:12 INFO     Program started
Tue, 23 May 2023 11:21:12 INFO     Solver selected: glpk
Tue, 23 May 2023 11:21:12 INFO     Testcase selected: C:\Users\bong\PycharmProjects\potpourri\testcases/matpower/case24_ieee_rts.xlsx
Tue, 23 May 2023 11:21:12 INFO     Model selected: DCOPF
Tue, 23 May 2023 11:21:12 INFO     Given model file found and selected from the models library
Tue, 23 May 2023 11:21:13 INFO     Given testcase file found and selected from the testcase library
Tue, 23 May 2023 11:21:13 INFO     Done!
Tue, 23 May 2023 11:21:13 INFO     Solver selected: gurobi
Tue, 23 May 2023 11:21:13 INFO     Testcase selected: C:\Users\bong\PycharmProjects\potpourri\testcases/matpower/case24_ieee_rts.xlsx
Tue, 23 May 2023 11:21:13 INFO     Model selected: DCOPF_quadratic
Tue, 23 May 2023 11:21:13 INFO     Given model file found and selected from the models library
Tue, 23 May 2023 11:21:13 INFO     Given testcase file found and selected from the testcase library
Tue, 23 May 2023 11:21:14 INFO     Done!
Tue, 23 May 2023 11:21:14 INFO     Solver selected: ipopt
Tue, 23 May 2023 11:21:14 INFO     Testcase selected: C:\Users\bong\PycharmProjects\potpourri\testcases/matpower/case24_ieee_rts.xlsx
Tue, 23 May 2023 11:21:14 INFO     Model selected: ACOPF
Tue, 23 May 2023 11:21:14 INFO     Given model file found and selected from the models library
Tue, 23 May 2023 11:21:14 INFO     Given testcase file found and selected from the testcase library
Tue, 23 May 2023 11:21:14 WARNING  Could not locate the 'ipopt' executable, which is required for solver ipopt
