Thu, 06 Jul 2023 20:07:40 INFO     OATS log file
Thu, 06 Jul 2023 20:07:40 INFO     Program started
Thu, 06 Jul 2023 20:07:40 INFO     Solver selected: ipopt
Thu, 06 Jul 2023 20:07:40 INFO     Testcase selected: testcases/simbench/1-LV-rural1--1-no_sw.xlsx
Thu, 06 Jul 2023 20:07:40 INFO     Model selected: ACOPF_multiperiod_battery_relaxed
Thu, 06 Jul 2023 20:07:40 INFO     Given model file found and selected from the models library
Thu, 06 Jul 2023 20:07:41 INFO     Given testcase file found and selected from the testcase library
Thu, 06 Jul 2023 20:07:41 INFO     Start writing multi-period for demand
Thu, 06 Jul 2023 20:07:42 INFO     Start writing battery model
Thu, 06 Jul 2023 20:07:42 INFO     Dat-file written, start optimisation
Thu, 06 Jul 2023 20:07:42 ERROR    Rule failed when generating expression for Constraint y_lim with index ('LV1.101_Load_1_bat', 0):
PyomoException: Cannot convert non-constant Pyomo expression (0  <=  y['LV1.101_Load_1_bat',0]) to bool.
This error is usually caused by using a Var, unit, or mutable Param in a
Boolean context such as an "if" statement, or when checking container
membership or equality. For example,
    >>> m.x = Var()
    >>> if m.x >= 1:
    ...     pass
and
    >>> m.y = Var()
    >>> if m.y in [m.x, m.y]:
    ...     pass
would both cause this exception.
Thu, 06 Jul 2023 20:07:42 ERROR    Constructing component 'y_lim' from data=None failed:
    PyomoException: Cannot convert non-constant Pyomo expression (0  <=  y['LV1.101_Load_1_bat',0]) to bool.
This error is usually caused by using a Var, unit, or mutable Param in a
Boolean context such as an "if" statement, or when checking container
membership or equality. For example,
    >>> m.x = Var()
    >>> if m.x >= 1:
    ...     pass
and
    >>> m.y = Var()
    >>> if m.y in [m.x, m.y]:
    ...     pass
would both cause this exception.
