Fri, 19 May 2023 14:48:45 INFO     OATS log file
Fri, 19 May 2023 14:48:45 INFO     Program started
Fri, 19 May 2023 14:48:45 INFO     Set parameter WLSAccessID
Fri, 19 May 2023 14:48:45 INFO     Set parameter WLSSecret
Fri, 19 May 2023 14:48:45 INFO     Set parameter LicenseID to value 949857
Fri, 19 May 2023 14:48:46 INFO     Academic license - for non-commercial use only - registered to steffen.kortmann@rwth-aachen.de
Fri, 19 May 2023 14:48:46 INFO     Solver selected: glpk
Fri, 19 May 2023 14:48:46 INFO     Testcase selected: testcases/matpower/case24_ieee_rts.xlsx
Fri, 19 May 2023 14:48:46 INFO     Model selected: DCOPF
Fri, 19 May 2023 14:48:46 INFO     Given model file found and selected from the models library
Fri, 19 May 2023 14:48:46 INFO     Given testcase file found and selected from the testcase library
Fri, 19 May 2023 14:48:47 INFO     Done!
Fri, 19 May 2023 14:48:47 INFO     Solver selected: gurobi
Fri, 19 May 2023 14:48:47 INFO     Testcase selected: testcases/matpower/case24_ieee_rts.xlsx
Fri, 19 May 2023 14:48:47 INFO     Model selected: DCOPF_quadratic
Fri, 19 May 2023 14:48:47 INFO     Given model file found and selected from the models library
Fri, 19 May 2023 14:48:47 INFO     Given testcase file found and selected from the testcase library
Fri, 19 May 2023 14:48:48 INFO     Done!
Fri, 19 May 2023 14:48:48 INFO     Solver selected: ipopt
Fri, 19 May 2023 14:48:48 INFO     Testcase selected: testcases/matpower/case24_ieee_rts.xlsx
Fri, 19 May 2023 14:48:48 INFO     Model selected: ACOPF
Fri, 19 May 2023 14:48:48 INFO     Given model file found and selected from the models library
Fri, 19 May 2023 14:48:48 INFO     Given testcase file found and selected from the testcase library
Fri, 19 May 2023 14:48:48 INFO     Done!
Fri, 19 May 2023 14:48:48 INFO     Solver selected: ipopt
Fri, 19 May 2023 14:48:48 INFO     Testcase selected: testcases/matpower/case24_ieee_rts.xlsx
Fri, 19 May 2023 14:48:48 INFO     Model selected: ACOPF_min_gen
Fri, 19 May 2023 14:48:48 INFO     Given model file found and selected from the models library
Fri, 19 May 2023 14:48:48 INFO     Given testcase file found and selected from the testcase library
Fri, 19 May 2023 14:48:49 INFO     Done!
Fri, 19 May 2023 14:48:49 INFO     Solver selected: ipopt
Fri, 19 May 2023 14:48:49 INFO     Testcase selected: testcases/matpower/case24_ieee_rts.xlsx
Fri, 19 May 2023 14:48:49 INFO     Model selected: ACOPF_max_cost
Fri, 19 May 2023 14:48:49 INFO     Given model file found and selected from the models library
Fri, 19 May 2023 14:48:49 INFO     Given testcase file found and selected from the testcase library
Fri, 19 May 2023 14:48:50 INFO     Done!
Fri, 19 May 2023 14:48:50 INFO     Solver selected: gurobi
Fri, 19 May 2023 14:48:50 INFO     Testcase selected: testcases/matpower/case24_ieee_rts.xlsx
Fri, 19 May 2023 14:48:50 INFO     Model selected: SCOPF
Fri, 19 May 2023 14:48:50 INFO     Given model file found and selected from the models library
Fri, 19 May 2023 14:48:50 INFO     Given testcase file found and selected from the testcase library
Fri, 19 May 2023 14:48:50 INFO     Done!
