Thu, 18 May 2023 20:05:43 INFO     OATS log file
Thu, 18 May 2023 20:05:43 INFO     Program started
Thu, 18 May 2023 20:05:43 INFO     Solver selected: gurobi
Thu, 18 May 2023 20:05:43 INFO     Testcase selected: testcases/matpower/case24_ieee_rts.xlsx
Thu, 18 May 2023 20:05:43 INFO     Model selected: DCOPF
Thu, 18 May 2023 20:05:43 INFO     Given model file found and selected from the models library
Thu, 18 May 2023 20:05:44 INFO     Given testcase file found and selected from the testcase library
Thu, 18 May 2023 20:05:44 INFO     Done!
Thu, 18 May 2023 20:05:44 INFO     Solver selected: gurobi
Thu, 18 May 2023 20:05:44 INFO     Testcase selected: testcases/matpower/case24_ieee_rts.xlsx
Thu, 18 May 2023 20:05:44 INFO     Model selected: DCOPF_quadratic
Thu, 18 May 2023 20:05:44 INFO     Given model file found and selected from the models library
Thu, 18 May 2023 20:05:44 INFO     Given testcase file found and selected from the testcase library
Thu, 18 May 2023 20:05:45 INFO     Done!
Thu, 18 May 2023 20:05:45 INFO     Solver selected: ipopt
Thu, 18 May 2023 20:05:45 INFO     Testcase selected: testcases/matpower/case24_ieee_rts.xlsx
Thu, 18 May 2023 20:05:45 INFO     Model selected: ACOPF
Thu, 18 May 2023 20:05:45 INFO     Given model file found and selected from the models library
Thu, 18 May 2023 20:05:45 INFO     Given testcase file found and selected from the testcase library
Thu, 18 May 2023 20:05:45 INFO     Done!
Thu, 18 May 2023 20:05:45 INFO     Solver selected: ipopt
Thu, 18 May 2023 20:05:45 INFO     Testcase selected: testcases/matpower/case24_ieee_rts.xlsx
Thu, 18 May 2023 20:05:45 INFO     Model selected: ACOPF_min_gen
Thu, 18 May 2023 20:05:45 INFO     Given model file found and selected from the models library
Thu, 18 May 2023 20:05:45 INFO     Given testcase file found and selected from the testcase library
Thu, 18 May 2023 20:05:46 INFO     Done!
Thu, 18 May 2023 20:05:46 INFO     Solver selected: ipopt
Thu, 18 May 2023 20:05:46 INFO     Testcase selected: testcases/matpower/case24_ieee_rts.xlsx
Thu, 18 May 2023 20:05:46 INFO     Model selected: ACOPF_max_cost
Thu, 18 May 2023 20:05:46 INFO     Given model file found and selected from the models library
Thu, 18 May 2023 20:05:46 INFO     Given testcase file found and selected from the testcase library
Thu, 18 May 2023 20:05:46 INFO     Done!
Thu, 18 May 2023 20:05:46 INFO     Solver selected: gurobi
Thu, 18 May 2023 20:05:46 INFO     Testcase selected: testcases/matpower/case24_ieee_rts.xlsx
Thu, 18 May 2023 20:05:46 INFO     Model selected: SCOPF
Thu, 18 May 2023 20:05:46 INFO     Given model file found and selected from the models library
Thu, 18 May 2023 20:05:46 INFO     Given testcase file found and selected from the testcase library
Thu, 18 May 2023 20:05:46 INFO     Done!
