Mon, 22 May 2023 20:24:06 INFO     OATS log file
Mon, 22 May 2023 20:24:06 INFO     Program started
Mon, 22 May 2023 20:24:06 INFO     Solver selected: glpk
Mon, 22 May 2023 20:24:06 INFO     Testcase selected: testcases/matpower/case89pegase.xlsx
Mon, 22 May 2023 20:24:06 INFO     Model selected: DCOPF
Mon, 22 May 2023 20:24:06 INFO     Given model file found and selected from the models library
Mon, 22 May 2023 20:24:06 INFO     Given testcase file found and selected from the testcase library
Mon, 22 May 2023 20:24:07 INFO     Done!
Mon, 22 May 2023 20:24:07 INFO     Solver selected: ipopt
Mon, 22 May 2023 20:24:07 INFO     Testcase selected: testcases/matpower/case89pegase.xlsx
Mon, 22 May 2023 20:24:07 INFO     Model selected: ACOPF
Mon, 22 May 2023 20:24:07 INFO     Given model file found and selected from the models library
Mon, 22 May 2023 20:24:07 INFO     Given testcase file found and selected from the testcase library
Mon, 22 May 2023 20:24:08 INFO     Done!
Mon, 22 May 2023 20:24:08 INFO     Solver selected: ipopt
Mon, 22 May 2023 20:24:08 INFO     Testcase selected: testcases/matpower/case89pegase.xlsx
Mon, 22 May 2023 20:24:08 INFO     Model selected: ACOPF_min_gen
Mon, 22 May 2023 20:24:08 INFO     Given model file found and selected from the models library
Mon, 22 May 2023 20:24:08 INFO     Given testcase file found and selected from the testcase library
Mon, 22 May 2023 20:24:09 INFO     Done!
Mon, 22 May 2023 20:24:09 INFO     Solver selected: ipopt
Mon, 22 May 2023 20:24:09 INFO     Testcase selected: testcases/matpower/case89pegase.xlsx
Mon, 22 May 2023 20:24:09 INFO     Model selected: ACOPF_max_cost
Mon, 22 May 2023 20:24:09 INFO     Given model file found and selected from the models library
Mon, 22 May 2023 20:24:09 INFO     Given testcase file found and selected from the testcase library
Mon, 22 May 2023 20:24:15 INFO     Done!
Mon, 22 May 2023 20:24:15 INFO     Solver selected: ipopt
Mon, 22 May 2023 20:24:15 INFO     Testcase selected: testcases/matpower/case89pegase.xlsx
Mon, 22 May 2023 20:24:15 INFO     Model selected: ACOPF_multiperiod
Mon, 22 May 2023 20:24:15 INFO     Given model file found and selected from the models library
Mon, 22 May 2023 20:24:15 INFO     Given testcase file found and selected from the testcase library
Mon, 22 May 2023 20:24:21 INFO     Done!
