Sun, 02 Jul 2023 22:19:39 INFO     OATS log file
Sun, 02 Jul 2023 22:19:39 INFO     Program started
Sun, 02 Jul 2023 22:19:39 INFO     Solver selected: SHOT
Sun, 02 Jul 2023 22:19:39 INFO     Testcase selected: testcases/simbench/1-LV-rural1--1-no_sw_local_2.xlsx
Sun, 02 Jul 2023 22:19:39 INFO     Model selected: ACOPF_multiperiod_battery_exact
Sun, 02 Jul 2023 22:19:39 INFO     Given model file found and selected from the models library
Sun, 02 Jul 2023 22:19:39 INFO     Given testcase file found and selected from the testcase library
Sun, 02 Jul 2023 22:19:39 INFO     Start writing multi-period for demand
Sun, 02 Jul 2023 22:19:39 INFO     Start writing battery model
Sun, 02 Jul 2023 22:19:39 INFO     Dat-file written, start optimisation
Sun, 02 Jul 2023 22:19:39 WARNING  Failed to create solver with name 'SHOT':
Failed to set executable for solver asl. File with name=SHOT either does not exist or it is not executable. To skip this validation, call set_executable with validate=False.
Traceback (most recent call last):
  File "/home/bengisu/anaconda3/envs/ba_yilmaz_env/lib/python3.11/site-packages/pyomo/opt/base/solvers.py", line 166, in __call__
    opt = self._cls[_implicit_solvers[mode]](**kwds)
          ^^^^^^^^^^^^^^^^^^^^^^^^^^^^^^^^^^^^^^^^^^
  File "/home/bengisu/anaconda3/envs/ba_yilmaz_env/lib/python3.11/site-packages/pyomo/solvers/plugins/solvers/ASL.py", line 45, in __init__
    SystemCallSolver.__init__(self, **kwds)
  File "/home/bengisu/anaconda3/envs/ba_yilmaz_env/lib/python3.11/site-packages/pyomo/opt/solver/shellcmd.py", line 66, in __init__
    self.set_executable(name=executable, validate=validate)
  File "/home/bengisu/anaconda3/envs/ba_yilmaz_env/lib/python3.11/site-packages/pyomo/opt/solver/shellcmd.py", line 114, in set_executable
    raise ValueError(
ValueError: Failed to set executable for solver asl. File with name=SHOT either does not exist or it is not executable. To skip this validation, call set_executable with validate=False.
