Tue, 23 May 2023 13:50:01 INFO     OATS log file
Tue, 23 May 2023 13:50:01 INFO     Program started
Tue, 23 May 2023 13:50:01 INFO     Solver selected: glpk
Tue, 23 May 2023 13:50:01 INFO     Testcase selected: C:\Users\bong\PycharmProjects\potpourri\testcases/matpower/case24_ieee_rts.xlsx
Tue, 23 May 2023 13:50:01 INFO     Model selected: DCOPF
Tue, 23 May 2023 13:50:01 INFO     Given model file found and selected from the models library
Tue, 23 May 2023 13:50:01 INFO     Given testcase file found and selected from the testcase library
Tue, 23 May 2023 13:50:01 INFO     Done!
Tue, 23 May 2023 13:50:01 INFO     Solver selected: gurobi
Tue, 23 May 2023 13:50:01 INFO     Testcase selected: C:\Users\bong\PycharmProjects\potpourri\testcases/matpower/case24_ieee_rts.xlsx
Tue, 23 May 2023 13:50:01 INFO     Model selected: DCOPF_quadratic
Tue, 23 May 2023 13:50:01 INFO     Given model file found and selected from the models library
Tue, 23 May 2023 13:50:01 INFO     Given testcase file found and selected from the testcase library
Tue, 23 May 2023 13:50:02 INFO     Done!
Tue, 23 May 2023 13:50:02 INFO     Solver selected: ipopt
Tue, 23 May 2023 13:50:02 INFO     Testcase selected: C:\Users\bong\PycharmProjects\potpourri\testcases/matpower/case24_ieee_rts.xlsx
Tue, 23 May 2023 13:50:02 INFO     Model selected: ACOPF
Tue, 23 May 2023 13:50:02 INFO     Given model file found and selected from the models library
Tue, 23 May 2023 13:50:02 INFO     Given testcase file found and selected from the testcase library
Tue, 23 May 2023 13:50:02 WARNING  Could not locate the 'ipopt' executable, which is required for solver ipopt
