Sun, 11 Jun 2023 16:31:32 INFO     OATS log file
Sun, 11 Jun 2023 16:31:32 INFO     Program started
Sun, 11 Jun 2023 16:31:32 INFO     Solver selected: apopt.py
Sun, 11 Jun 2023 16:31:32 INFO     Testcase selected: testcases/matpower/case14_battery2.xlsx
Sun, 11 Jun 2023 16:31:32 INFO     Model selected: ACOPF_multiperiod_battery
Sun, 11 Jun 2023 16:31:32 INFO     Given model file found and selected from the models library
Sun, 11 Jun 2023 16:31:32 INFO     Given testcase file found and selected from the testcase library
Sun, 11 Jun 2023 16:31:32 WARNING  Failed to create solver with name 'apopt.py':
Failed to set executable for solver asl. File with name=apopt.py either does not exist or it is not executable. To skip this validation, call set_executable with validate=False.
Traceback (most recent call last):
  File "/home/bengisu/anaconda3/envs/ba_yilmaz_env/lib/python3.11/site-packages/pyomo/opt/base/solvers.py", line 166, in __call__
    opt = self._cls[_implicit_solvers[mode]](**kwds)
          ^^^^^^^^^^^^^^^^^^^^^^^^^^^^^^^^^^^^^^^^^^
  File "/home/bengisu/anaconda3/envs/ba_yilmaz_env/lib/python3.11/site-packages/pyomo/solvers/plugins/solvers/ASL.py", line 45, in __init__
    SystemCallSolver.__init__(self, **kwds)
  File "/home/bengisu/anaconda3/envs/ba_yilmaz_env/lib/python3.11/site-packages/pyomo/opt/solver/shellcmd.py", line 66, in __init__
    self.set_executable(name=executable, validate=validate)
  File "/home/bengisu/anaconda3/envs/ba_yilmaz_env/lib/python3.11/site-packages/pyomo/opt/solver/shellcmd.py", line 114, in set_executable
    raise ValueError(
ValueError: Failed to set executable for solver asl. File with name=apopt.py either does not exist or it is not executable. To skip this validation, call set_executable with validate=False.
