Tue, 04 Jul 2023 09:53:39 INFO     OATS log file
Tue, 04 Jul 2023 09:53:39 INFO     Program started
Tue, 04 Jul 2023 09:53:39 INFO     Solver selected: SHOT
Tue, 04 Jul 2023 09:53:39 INFO     Testcase selected: testcases/simbench/1-LV-rural1--1-no_sw_local_2.xlsx
Tue, 04 Jul 2023 09:53:39 INFO     Model selected: ACOPF_multiperiod_battery_simplified
Tue, 04 Jul 2023 09:53:39 INFO     Given model file found and selected from the models library
Tue, 04 Jul 2023 09:53:40 INFO     Given testcase file found and selected from the testcase library
Tue, 04 Jul 2023 09:53:40 INFO     Start writing multi-period for demand
Tue, 04 Jul 2023 09:53:40 INFO     Start writing battery model
Tue, 04 Jul 2023 09:53:40 INFO     Dat-file written, start optimisation
Tue, 04 Jul 2023 09:53:40 WARNING  Failed to create solver with name 'SHOT':
Failed to set executable for solver asl. File with name=SHOT either does not exist or it is not executable. To skip this validation, call set_executable with validate=False.
Traceback (most recent call last):
  File "/home/bengisu/anaconda3/envs/ba_yilmaz_env/lib/python3.11/site-packages/pyomo/opt/base/solvers.py", line 166, in __call__
    opt = self._cls[_implicit_solvers[mode]](**kwds)
          ^^^^^^^^^^^^^^^^^^^^^^^^^^^^^^^^^^^^^^^^^^
  File "/home/bengisu/anaconda3/envs/ba_yilmaz_env/lib/python3.11/site-packages/pyomo/solvers/plugins/solvers/ASL.py", line 45, in __init__
    SystemCallSolver.__init__(self, **kwds)
  File "/home/bengisu/anaconda3/envs/ba_yilmaz_env/lib/python3.11/site-packages/pyomo/opt/solver/shellcmd.py", line 66, in __init__
    self.set_executable(name=executable, validate=validate)
  File "/home/bengisu/anaconda3/envs/ba_yilmaz_env/lib/python3.11/site-packages/pyomo/opt/solver/shellcmd.py", line 114, in set_executable
    raise ValueError(
ValueError: Failed to set executable for solver asl. File with name=SHOT either does not exist or it is not executable. To skip this validation, call set_executable with validate=False.
